<?xml version="1.0" encoding="UTF-8"?>
<!-- Generated by org.testng.reporters.JUnitXMLReporter -->
<testsuite ignored="0" hostname="DESKTOP-L156P0I" failures="0" tests="4" name="Test" time="35.255" errors="0" timestamp="2023-11-01T20:33:28 IST">
  <testcase classname="testCases.ScreenShot" name="capturingScreenshot" time="13.731"/>
  <testcase classname="testCases.HandlingExcelSheet" name="excelHandling" time="2.418"/>
  <testcase classname="testCases.M" name="M1" time="0.003"/>
  <testcase classname="testCases.VerifyLoginPage" name="verifylogin" time="18.964"/>
</testsuite> <!-- Test -->
