<?xml version="1.0" encoding="UTF-8"?>
<testng-results ignored="0" total="1" passed="1" failed="0" skipped="0">
  <reporter-output>
  </reporter-output>
  <suite started-at="2023-10-17T00:01:06 IST" name="Suite" finished-at="2023-10-17T00:01:07 IST" duration-ms="124">
    <groups>
    </groups>
    <test started-at="2023-10-17T00:01:06 IST" name="Test" finished-at="2023-10-17T00:01:07 IST" duration-ms="124">
      <class name="testCases.A">
        <test-method signature="M1()[pri:0, instance:testCases.A@72f926e6]" started-at="2023-10-17T00:01:07 IST" name="M1" finished-at="2023-10-17T00:01:07 IST" duration-ms="19" status="PASS">
          <reporter-output>
          </reporter-output>
        </test-method> <!-- M1 -->
      </class> <!-- testCases.A -->
    </test> <!-- Test -->
  </suite> <!-- Suite -->
</testng-results>
