<?xml version="1.0" encoding="UTF-8"?>
<testng-results ignored="0" total="1" passed="1" failed="0" skipped="0">
  <reporter-output>
  </reporter-output>
  <suite started-at="2023-11-02T02:22:12 IST" name="Default suite" finished-at="2023-11-02T02:22:42 IST" duration-ms="30793">
    <groups>
    </groups>
    <test started-at="2023-11-02T02:22:12 IST" name="Default test" finished-at="2023-11-02T02:22:42 IST" duration-ms="30793">
      <class name="testCases.VerifySignUpPage">
        <test-method signature="SignUpPage()[pri:0, instance:testCases.VerifySignUpPage@694abbdc]" started-at="2023-11-02T02:22:12 IST" name="SignUpPage" finished-at="2023-11-02T02:22:42 IST" duration-ms="30731" status="PASS">
          <reporter-output>
          </reporter-output>
        </test-method> <!-- SignUpPage -->
      </class> <!-- testCases.VerifySignUpPage -->
    </test> <!-- Default test -->
  </suite> <!-- Default suite -->
</testng-results>
